<?xml version="1.0" encoding="UTF-8"?>
<!-- Generated by org.testng.reporters.JUnitXMLReporter -->
<testsuite hostname="IDCAMVERM01-WS" name="TmpTest" tests="3" failures="0" timestamp="12 Apr 2016 15:58:48 GMT" time="48.934" errors="0">
  <testcase name="verifyQuestionTitle" time="0.0" classname="com.edifecs.breathe.qa.testcases.TestHealthRiskAssessment"/>
  <testcase name="verifyQuestionTitle" time="0.028" classname="com.edifecs.breathe.qa.testcases.TestHealthAssessmentQuestions"/>
  <testcase name="verifyAnswerOptionsCount" time="0.252" classname="com.edifecs.breathe.qa.testcases.TestHealthAssessmentQuestions"/>
</testsuite> <!-- TmpTest -->
