<?xml version="1.0" encoding="UTF-8"?>
<testng-results skipped="0" failed="1" total="14" passed="13">
  <reporter-output>
  </reporter-output>
  <suite name="TmpSuite" duration-ms="54180" started-at="2016-04-14T11:00:36Z" finished-at="2016-04-14T11:01:31Z">
    <groups>
    </groups>
    <test name="TmpTest" duration-ms="48609" started-at="2016-04-14T11:00:36Z" finished-at="2016-04-14T11:01:25Z">
      <class name="com.edifecs.breathe.qa.testcases.TestHealthRiskAssessment">
        <test-method status="PASS" signature="startApp()[pri:0, instance:com.edifecs.breathe.qa.testcases.TestHealthRiskAssessment@af4e3b6]" name="startApp" is-config="true" duration-ms="48599" started-at="2016-04-14T16:30:36Z" finished-at="2016-04-14T16:31:25Z">
          <reporter-output>
          </reporter-output>
        </test-method> <!-- startApp -->
        <test-method status="PASS" signature="verifyQuestionTitle()[pri:1, instance:com.edifecs.breathe.qa.testcases.TestHealthRiskAssessment@af4e3b6]" name="verifyQuestionTitle" duration-ms="0" started-at="2016-04-14T16:31:25Z" finished-at="2016-04-14T16:31:25Z">
          <reporter-output>
          </reporter-output>
        </test-method> <!-- verifyQuestionTitle -->
      </class> <!-- com.edifecs.breathe.qa.testcases.TestHealthRiskAssessment -->
    </test> <!-- TmpTest -->
    <test name="Test1" duration-ms="1286" started-at="2016-04-14T11:01:25Z" finished-at="2016-04-14T11:01:26Z">
      <class name="com.edifecs.breathe.qa.testcases.TestHealthAssessmentQuestions">
        <test-method status="PASS" signature="setBeforeTest()[pri:0, instance:com.edifecs.breathe.qa.testcases.TestHealthAssessmentQuestions@238258f1]" name="setBeforeTest" is-config="true" duration-ms="113" started-at="2016-04-14T16:31:25Z" finished-at="2016-04-14T16:31:25Z">
          <reporter-output>
          </reporter-output>
        </test-method> <!-- setBeforeTest -->
        <test-method status="PASS" signature="verifyQuestionTitle()[pri:1, instance:com.edifecs.breathe.qa.testcases.TestHealthAssessmentQuestions@238258f1]" name="verifyQuestionTitle" duration-ms="56" started-at="2016-04-14T16:31:25Z" finished-at="2016-04-14T16:31:25Z">
          <reporter-output>
          </reporter-output>
        </test-method> <!-- verifyQuestionTitle -->
        <test-method status="PASS" signature="verifyAnswerOptionsCount()[pri:2, instance:com.edifecs.breathe.qa.testcases.TestHealthAssessmentQuestions@238258f1]" name="verifyAnswerOptionsCount" duration-ms="1" started-at="2016-04-14T16:31:25Z" finished-at="2016-04-14T16:31:25Z">
          <reporter-output>
          </reporter-output>
        </test-method> <!-- verifyAnswerOptionsCount -->
        <test-method status="PASS" signature="verifyAnswersText()[pri:3, instance:com.edifecs.breathe.qa.testcases.TestHealthAssessmentQuestions@238258f1]" name="verifyAnswersText" duration-ms="186" started-at="2016-04-14T16:31:25Z" finished-at="2016-04-14T16:31:25Z">
          <reporter-output>
          </reporter-output>
        </test-method> <!-- verifyAnswersText -->
        <test-method status="PASS" signature="verifyRadioAnswerSelection()[pri:4, instance:com.edifecs.breathe.qa.testcases.TestHealthAssessmentQuestions@238258f1]" name="verifyRadioAnswerSelection" duration-ms="169" started-at="2016-04-14T16:31:25Z" finished-at="2016-04-14T16:31:26Z">
          <reporter-output>
          </reporter-output>
        </test-method> <!-- verifyRadioAnswerSelection -->
        <test-method status="PASS" signature="moveToNextQuestion()[pri:0, instance:com.edifecs.breathe.qa.testcases.TestHealthAssessmentQuestions@238258f1]" name="moveToNextQuestion" is-config="true" duration-ms="759" started-at="2016-04-14T16:31:26Z" finished-at="2016-04-14T16:31:26Z">
          <reporter-output>
          </reporter-output>
        </test-method> <!-- moveToNextQuestion -->
      </class> <!-- com.edifecs.breathe.qa.testcases.TestHealthAssessmentQuestions -->
    </test> <!-- Test1 -->
    <test name="Test2" duration-ms="1999" started-at="2016-04-14T11:01:26Z" finished-at="2016-04-14T11:01:28Z">
      <class name="com.edifecs.breathe.qa.testcases.TestHealthAssessmentQuestions">
        <test-method status="PASS" signature="setBeforeTest()[pri:0, instance:com.edifecs.breathe.qa.testcases.TestHealthAssessmentQuestions@6ce6c876]" name="setBeforeTest" is-config="true" duration-ms="652" started-at="2016-04-14T16:31:26Z" finished-at="2016-04-14T16:31:27Z">
          <reporter-output>
          </reporter-output>
        </test-method> <!-- setBeforeTest -->
        <test-method status="PASS" signature="verifyQuestionTitle()[pri:1, instance:com.edifecs.breathe.qa.testcases.TestHealthAssessmentQuestions@6ce6c876]" name="verifyQuestionTitle" duration-ms="75" started-at="2016-04-14T16:31:27Z" finished-at="2016-04-14T16:31:27Z">
          <reporter-output>
          </reporter-output>
        </test-method> <!-- verifyQuestionTitle -->
        <test-method status="PASS" signature="verifyAnswerOptionsCount()[pri:2, instance:com.edifecs.breathe.qa.testcases.TestHealthAssessmentQuestions@6ce6c876]" name="verifyAnswerOptionsCount" duration-ms="0" started-at="2016-04-14T16:31:27Z" finished-at="2016-04-14T16:31:27Z">
          <reporter-output>
          </reporter-output>
        </test-method> <!-- verifyAnswerOptionsCount -->
        <test-method status="PASS" signature="verifyAnswersText()[pri:3, instance:com.edifecs.breathe.qa.testcases.TestHealthAssessmentQuestions@6ce6c876]" name="verifyAnswersText" duration-ms="184" started-at="2016-04-14T16:31:27Z" finished-at="2016-04-14T16:31:27Z">
          <reporter-output>
          </reporter-output>
        </test-method> <!-- verifyAnswersText -->
        <test-method status="PASS" signature="verifyRadioAnswerSelection()[pri:4, instance:com.edifecs.breathe.qa.testcases.TestHealthAssessmentQuestions@6ce6c876]" name="verifyRadioAnswerSelection" duration-ms="241" started-at="2016-04-14T16:31:27Z" finished-at="2016-04-14T16:31:27Z">
          <reporter-output>
          </reporter-output>
        </test-method> <!-- verifyRadioAnswerSelection -->
        <test-method status="PASS" signature="moveToNextQuestion()[pri:0, instance:com.edifecs.breathe.qa.testcases.TestHealthAssessmentQuestions@6ce6c876]" name="moveToNextQuestion" is-config="true" duration-ms="844" started-at="2016-04-14T16:31:27Z" finished-at="2016-04-14T16:31:28Z">
          <reporter-output>
          </reporter-output>
        </test-method> <!-- moveToNextQuestion -->
      </class> <!-- com.edifecs.breathe.qa.testcases.TestHealthAssessmentQuestions -->
    </test> <!-- Test2 -->
    <test name="Test3" duration-ms="1781" started-at="2016-04-14T11:01:28Z" finished-at="2016-04-14T11:01:30Z">
      <class name="com.edifecs.breathe.qa.testcases.TestHealthAssessmentQuestions">
        <test-method status="PASS" signature="setBeforeTest()[pri:0, instance:com.edifecs.breathe.qa.testcases.TestHealthAssessmentQuestions@4d9d68fe]" name="setBeforeTest" is-config="true" duration-ms="554" started-at="2016-04-14T16:31:28Z" finished-at="2016-04-14T16:31:29Z">
          <reporter-output>
          </reporter-output>
        </test-method> <!-- setBeforeTest -->
        <test-method status="PASS" signature="verifyQuestionTitle()[pri:1, instance:com.edifecs.breathe.qa.testcases.TestHealthAssessmentQuestions@4d9d68fe]" name="verifyQuestionTitle" duration-ms="83" started-at="2016-04-14T16:31:29Z" finished-at="2016-04-14T16:31:29Z">
          <reporter-output>
          </reporter-output>
        </test-method> <!-- verifyQuestionTitle -->
        <test-method status="PASS" signature="verifyAnswerOptionsCount()[pri:2, instance:com.edifecs.breathe.qa.testcases.TestHealthAssessmentQuestions@4d9d68fe]" name="verifyAnswerOptionsCount" duration-ms="0" started-at="2016-04-14T16:31:29Z" finished-at="2016-04-14T16:31:29Z">
          <reporter-output>
          </reporter-output>
        </test-method> <!-- verifyAnswerOptionsCount -->
        <test-method status="PASS" signature="verifyAnswersText()[pri:3, instance:com.edifecs.breathe.qa.testcases.TestHealthAssessmentQuestions@4d9d68fe]" name="verifyAnswersText" duration-ms="115" started-at="2016-04-14T16:31:29Z" finished-at="2016-04-14T16:31:29Z">
          <reporter-output>
          </reporter-output>
        </test-method> <!-- verifyAnswersText -->
        <test-method status="PASS" signature="verifyRadioAnswerSelection()[pri:4, instance:com.edifecs.breathe.qa.testcases.TestHealthAssessmentQuestions@4d9d68fe]" name="verifyRadioAnswerSelection" duration-ms="173" started-at="2016-04-14T16:31:29Z" finished-at="2016-04-14T16:31:29Z">
          <reporter-output>
          </reporter-output>
        </test-method> <!-- verifyRadioAnswerSelection -->
        <test-method status="PASS" signature="moveToNextQuestion()[pri:0, instance:com.edifecs.breathe.qa.testcases.TestHealthAssessmentQuestions@4d9d68fe]" name="moveToNextQuestion" is-config="true" duration-ms="855" started-at="2016-04-14T16:31:29Z" finished-at="2016-04-14T16:31:30Z">
          <reporter-output>
          </reporter-output>
        </test-method> <!-- moveToNextQuestion -->
      </class> <!-- com.edifecs.breathe.qa.testcases.TestHealthAssessmentQuestions -->
    </test> <!-- Test3 -->
    <test name="TmpTest28" duration-ms="478" started-at="2016-04-14T11:01:30Z" finished-at="2016-04-14T11:01:31Z">
      <class name="com.edifecs.breathe.qa.testcases.TestHealthRiskAssessmentSubmit">
        <test-method status="PASS" signature="startscore()[pri:0, instance:com.edifecs.breathe.qa.testcases.TestHealthRiskAssessmentSubmit@51aa39ff]" name="startscore" is-config="true" duration-ms="435" started-at="2016-04-14T16:31:30Z" finished-at="2016-04-14T16:31:31Z">
          <reporter-output>
          </reporter-output>
        </test-method> <!-- startscore -->
        <test-method status="FAIL" signature="verifyscore()[pri:1, instance:com.edifecs.breathe.qa.testcases.TestHealthRiskAssessmentSubmit@51aa39ff]" name="verifyscore" duration-ms="41" started-at="2016-04-14T16:31:31Z" finished-at="2016-04-14T16:31:31Z">
          <exception class="java.lang.AssertionError">
            <message>
              <![CDATA[expected [0.0] but found [8.82]]]>
            </message>
            <full-stacktrace>
              <![CDATA[java.lang.AssertionError: expected [0.0] but found [8.82]
	at org.testng.Assert.fail(Assert.java:94)
	at org.testng.Assert.failNotEquals(Assert.java:496)
	at org.testng.Assert.assertEquals(Assert.java:125)
	at org.testng.Assert.assertEquals(Assert.java:167)
	at com.edifecs.breathe.qa.testcases.TestHealthRiskAssessmentSubmit.verifyscore(TestHealthRiskAssessmentSubmit.java:40)
	at sun.reflect.NativeMethodAccessorImpl.invoke0(Native Method)
	at sun.reflect.NativeMethodAccessorImpl.invoke(NativeMethodAccessorImpl.java:57)
	at sun.reflect.DelegatingMethodAccessorImpl.invoke(DelegatingMethodAccessorImpl.java:43)
	at java.lang.reflect.Method.invoke(Method.java:606)
	at org.testng.internal.MethodInvocationHelper.invokeMethod(MethodInvocationHelper.java:85)
	at org.testng.internal.Invoker.invokeMethod(Invoker.java:639)
	at org.testng.internal.Invoker.invokeTestMethod(Invoker.java:816)
	at org.testng.internal.Invoker.invokeTestMethods(Invoker.java:1124)
	at org.testng.internal.TestMethodWorker.invokeTestMethods(TestMethodWorker.java:125)
	at org.testng.internal.TestMethodWorker.run(TestMethodWorker.java:108)
	at org.testng.TestRunner.privateRun(TestRunner.java:774)
	at org.testng.TestRunner.run(TestRunner.java:624)
	at org.testng.SuiteRunner.runTest(SuiteRunner.java:359)
	at org.testng.SuiteRunner.runSequentially(SuiteRunner.java:354)
	at org.testng.SuiteRunner.privateRun(SuiteRunner.java:312)
	at org.testng.SuiteRunner.run(SuiteRunner.java:261)
	at org.testng.SuiteRunnerWorker.runSuite(SuiteRunnerWorker.java:52)
	at org.testng.SuiteRunnerWorker.run(SuiteRunnerWorker.java:86)
	at org.testng.TestNG.runSuitesSequentially(TestNG.java:1191)
	at org.testng.TestNG.runSuitesLocally(TestNG.java:1116)
	at org.testng.TestNG.run(TestNG.java:1024)
	at com.edifecs.breathe.qa.testcases.RunTests.main(RunTests.java:93)
	at sun.reflect.NativeMethodAccessorImpl.invoke0(Native Method)
	at sun.reflect.NativeMethodAccessorImpl.invoke(NativeMethodAccessorImpl.java:57)
	at sun.reflect.DelegatingMethodAccessorImpl.invoke(DelegatingMethodAccessorImpl.java:43)
	at java.lang.reflect.Method.invoke(Method.java:606)
	at com.intellij.rt.execution.application.AppMain.main(AppMain.java:144)
]]>
            </full-stacktrace>
          </exception> <!-- java.lang.AssertionError -->
          <reporter-output>
          </reporter-output>
        </test-method> <!-- verifyscore -->
      </class> <!-- com.edifecs.breathe.qa.testcases.TestHealthRiskAssessmentSubmit -->
    </test> <!-- TmpTest28 -->
  </suite> <!-- TmpSuite -->
</testng-results>
