<?xml version="1.0" encoding="UTF-8"?>
<testsuite name="Test1"
           tests="4"
           failures="0"
           errors="0"
           skipped="0"
           time="0.412">
  <properties />
  
  
            <testcase name="verifyQuestionTitle" time="0.056" classname="com.edifecs.breathe.qa.testcases.TestHealthAssessmentQuestions" />
                <testcase name="verifyRadioAnswerSelection" time="0.169" classname="com.edifecs.breathe.qa.testcases.TestHealthAssessmentQuestions" />
                <testcase name="verifyAnswersText" time="0.186" classname="com.edifecs.breathe.qa.testcases.TestHealthAssessmentQuestions" />
                <testcase name="verifyAnswerOptionsCount" time="0.001" classname="com.edifecs.breathe.qa.testcases.TestHealthAssessmentQuestions" />
      
</testsuite>
