<?xml version="1.0" encoding="UTF-8"?>
<!-- Generated by org.testng.reporters.JUnitXMLReporter -->
<testsuite hostname="IDCAMVERM01-WS" name="Scenario4_Test5" tests="3" failures="2" timestamp="15 Apr 2016 11:16:58 GMT" time="0.339" errors="0">
  <testcase name="verifyscore" time="0.122" classname="com.edifecs.breathe.qa.testcases.TestHealthRiskAssessmentSubmit">
    <failure type="java.lang.AssertionError" message="expected [3] but found [9.76]">
      <![CDATA[java.lang.AssertionError: expected [3] but found [9.76]
	at com.edifecs.breathe.qa.testcases.TestHealthRiskAssessmentSubmit.verifyscore(TestHealthRiskAssessmentSubmit.java:43)
	at com.edifecs.breathe.qa.testcases.RunTests.main(RunTests.java:102)
	at com.intellij.rt.execution.application.AppMain.main(AppMain.java:144)
... Removed 29 stack frames]]>
    </failure>
  </testcase> <!-- verifyscore -->
  <testcase name="verifybuttonstatus" time="0.152" classname="com.edifecs.breathe.qa.testcases.TestHealthRiskAssessmentSubmit">
    <failure type="java.lang.AssertionError" message="Assessment completion status mismatched expected [Not Completed] but found [Completed 04.15.2016]">
      <![CDATA[java.lang.AssertionError: Assessment completion status mismatched expected [Not Completed] but found [Completed 04.15.2016]
	at com.edifecs.breathe.qa.testcases.TestHealthRiskAssessmentSubmit.verifybuttonstatus(TestHealthRiskAssessmentSubmit.java:68)
	at com.edifecs.breathe.qa.testcases.RunTests.main(RunTests.java:102)
	at com.intellij.rt.execution.application.AppMain.main(AppMain.java:144)
... Removed 29 stack frames]]>
    </failure>
  </testcase> <!-- verifybuttonstatus -->
  <testcase name="verifyQuestionairetitle" time="0.064" classname="com.edifecs.breathe.qa.testcases.TestHealthRiskAssessmentSubmit"/>
</testsuite> <!-- Scenario4_Test5 -->
