<?xml version="1.0" encoding="UTF-8"?>
<!-- Generated by org.testng.reporters.JUnitXMLReporter -->
<testsuite hostname="IDCAMVERM01-WS" name="Scenario1_Test3" tests="6" failures="0" timestamp="15 Apr 2016 11:34:41 GMT" time="2.603" errors="0">
  <testcase name="verifyQuestionTitle" time="0.073" classname="com.edifecs.breathe.qa.testcases.TestHealthAssessmentQuestions"/>
  <testcase name="verifyAnswerOptionsCount" time="0.001" classname="com.edifecs.breathe.qa.testcases.TestHealthAssessmentQuestions"/>
  <testcase name="verifyAnswersText" time="0.344" classname="com.edifecs.breathe.qa.testcases.TestHealthAssessmentQuestions"/>
  <testcase name="verifyAnswerSelection" time="0.654" classname="com.edifecs.breathe.qa.testcases.TestHealthAssessmentQuestions"/>
  <testcase name="verifySubmitButton" time="0.001" classname="com.edifecs.breathe.qa.testcases.TestHealthAssessmentQuestions"/>
  <testcase name="verifyPreviousButton" time="0.073" classname="com.edifecs.breathe.qa.testcases.TestHealthAssessmentQuestions"/>
</testsuite> <!-- Scenario1_Test3 -->
