<?xml version="1.0" encoding="UTF-8"?>
<!-- Generated by org.testng.reporters.JUnitXMLReporter -->
<testsuite hostname="IDCAMVERM01-WS" name="Scenario2_Test5" tests="2" failures="1" timestamp="15 Apr 2016 11:05:34 GMT" time="0.827" errors="0">
  <testcase name="verifyscore" time="0.745" classname="com.edifecs.breathe.qa.testcases.TestHealthRiskAssessmentSubmit">
    <failure type="java.lang.AssertionError" message="expected [3.0] but found [6.46]">
      <![CDATA[java.lang.AssertionError: expected [3.0] but found [6.46]
	at com.edifecs.breathe.qa.testcases.TestHealthRiskAssessmentSubmit.verifyscore(TestHealthRiskAssessmentSubmit.java:40)
	at com.edifecs.breathe.qa.testcases.RunTests.main(RunTests.java:102)
	at com.intellij.rt.execution.application.AppMain.main(AppMain.java:144)
... Removed 29 stack frames]]>
    </failure>
  </testcase> <!-- verifyscore -->
  <testcase name="verifybuttonstatus" time="0.081" classname="com.edifecs.breathe.qa.testcases.TestHealthRiskAssessmentSubmit"/>
</testsuite> <!-- Scenario2_Test5 -->
