<?xml version="1.0" encoding="UTF-8"?>
<!-- Generated by org.testng.reporters.JUnitXMLReporter -->
<testsuite hostname="IDCAMVERM01-WS" name="Scenario1_Test5" tests="1" failures="1" timestamp="14 Apr 2016 09:44:14 GMT" time="0.702" errors="0">
  <testcase name="verifyscore" time="0.056" classname="com.edifecs.breathe.qa.testcases.TestHealthRiskAssessmentSubmit">
    <failure type="java.lang.AssertionError" message="expected [0.0] but found [1.33]">
      <![CDATA[java.lang.AssertionError: expected [0.0] but found [1.33]
	at com.edifecs.breathe.qa.testcases.TestHealthRiskAssessmentSubmit.verifyscore(TestHealthRiskAssessmentSubmit.java:40)
	at com.edifecs.breathe.qa.testcases.RunTests.main(RunTests.java:80)
... Removed 25 stack frames]]>
    </failure>
  </testcase> <!-- verifyscore -->
</testsuite> <!-- Scenario1_Test5 -->
