<?xml version="1.0" encoding="UTF-8"?>
<!-- Generated by org.testng.reporters.JUnitXMLReporter -->
<testsuite hostname="IDCAMVERM01-WS" name="Scenario2_Test4" tests="5" failures="1" timestamp="14 Apr 2016 17:37:07 GMT" time="4.516" errors="0">
  <testcase name="verifySubmitButton" time="0.02" classname="com.edifecs.breathe.qa.testcases.TestHealthAssessmentQuestions">
    <failure type="java.lang.AssertionError" message="Submit button not present expected [Submit] but found [SUBMIT]">
      <![CDATA[java.lang.AssertionError: Submit button not present expected [Submit] but found [SUBMIT]
	at com.edifecs.breathe.qa.testcases.TestHealthAssessmentQuestions.verifySubmitButton(TestHealthAssessmentQuestions.java:147)
	at com.edifecs.breathe.qa.testcases.RunTests.main(RunTests.java:102)
	at com.intellij.rt.execution.application.AppMain.main(AppMain.java:144)
... Removed 29 stack frames]]>
    </failure>
  </testcase> <!-- verifySubmitButton -->
  <testcase name="verifyQuestionTitle" time="0.076" classname="com.edifecs.breathe.qa.testcases.TestHealthAssessmentQuestions"/>
  <testcase name="verifyAnswerOptionsCount" time="0.0" classname="com.edifecs.breathe.qa.testcases.TestHealthAssessmentQuestions"/>
  <testcase name="verifyAnswersText" time="0.846" classname="com.edifecs.breathe.qa.testcases.TestHealthAssessmentQuestions"/>
  <testcase name="verifyRadioAnswerSelection" time="1.682" classname="com.edifecs.breathe.qa.testcases.TestHealthAssessmentQuestions"/>
</testsuite> <!-- Scenario2_Test4 -->
