<?xml version="1.0" encoding="UTF-8"?>
<!-- Generated by org.testng.reporters.JUnitXMLReporter -->
<testsuite hostname="IDCAMVERM01-WS" name="Scenario2_Test2" tests="5" failures="0" timestamp="14 Apr 2016 17:37:00 GMT" time="2.987" errors="0">
  <testcase name="verifySubmitButton" time="0.0" classname="com.edifecs.breathe.qa.testcases.TestHealthAssessmentQuestions"/>
  <testcase name="verifyQuestionTitle" time="0.041" classname="com.edifecs.breathe.qa.testcases.TestHealthAssessmentQuestions"/>
  <testcase name="verifyAnswerOptionsCount" time="0.0" classname="com.edifecs.breathe.qa.testcases.TestHealthAssessmentQuestions"/>
  <testcase name="verifyAnswersText" time="0.686" classname="com.edifecs.breathe.qa.testcases.TestHealthAssessmentQuestions"/>
  <testcase name="verifyRadioAnswerSelection" time="0.641" classname="com.edifecs.breathe.qa.testcases.TestHealthAssessmentQuestions"/>
</testsuite> <!-- Scenario2_Test2 -->
