<?xml version="1.0" encoding="UTF-8"?>
<!-- Generated by org.testng.reporters.JUnitXMLReporter -->
<testsuite hostname="ROHIKRIS-LW7330" name="Test1" tests="4" failures="0" timestamp="14 Apr 2016 07:24:32 GMT" time="1.3" errors="0">
  <testcase name="verifyQuestionTitle" time="0.048" classname="com.edifecs.breathe.qa.testcases.TestHealthAssessmentQuestions"/>
  <testcase name="verifyAnswerOptionsCount" time="0.001" classname="com.edifecs.breathe.qa.testcases.TestHealthAssessmentQuestions"/>
  <testcase name="verifyAnswersText" time="0.113" classname="com.edifecs.breathe.qa.testcases.TestHealthAssessmentQuestions"/>
  <testcase name="verifyRadioAnswerSelection" time="0.13" classname="com.edifecs.breathe.qa.testcases.TestHealthAssessmentQuestions"/>
</testsuite> <!-- Test1 -->
