<?xml version="1.0" encoding="UTF-8"?>
<!-- Generated by org.testng.reporters.JUnitXMLReporter -->
<testsuite hostname="IDCAMVERM01-WS" name="Test1" tests="4" failures="0" timestamp="13 Apr 2016 11:12:13 GMT" time="1.171" errors="0">
  <testcase name="verifyQuestionTitle" time="0.011" classname="com.edifecs.breathe.qa.testcases.TestHealthAssessmentQuestions"/>
  <testcase name="verifyAnswerOptionsCount" time="0.0" classname="com.edifecs.breathe.qa.testcases.TestHealthAssessmentQuestions"/>
  <testcase name="verifyAnswersText" time="0.075" classname="com.edifecs.breathe.qa.testcases.TestHealthAssessmentQuestions"/>
  <testcase name="verifyRadioAnswerSelection" time="0.126" classname="com.edifecs.breathe.qa.testcases.TestHealthAssessmentQuestions"/>
</testsuite> <!-- Test1 -->
