<?xml version="1.0" encoding="UTF-8"?>
<!-- Generated by org.testng.reporters.JUnitXMLReporter -->
<testsuite hostname="IDCAMVERM01-WS" name="Test3" tests="4" failures="0" timestamp="14 Apr 2016 11:50:22 GMT" time="2.28" errors="0">
  <testcase name="verifyQuestionTitle" time="0.046" classname="com.edifecs.breathe.qa.testcases.TestHealthAssessmentQuestions"/>
  <testcase name="verifyAnswerOptionsCount" time="0.0" classname="com.edifecs.breathe.qa.testcases.TestHealthAssessmentQuestions"/>
  <testcase name="verifyAnswersText" time="0.098" classname="com.edifecs.breathe.qa.testcases.TestHealthAssessmentQuestions"/>
  <testcase name="verifyRadioAnswerSelection" time="0.134" classname="com.edifecs.breathe.qa.testcases.TestHealthAssessmentQuestions"/>
</testsuite> <!-- Test3 -->
