<?xml version="1.0" encoding="UTF-8"?>
<!-- Generated by org.testng.reporters.JUnitXMLReporter -->
<testsuite hostname="IDCAMVERM01-WS" name="TmpTest28" tests="1" failures="1" timestamp="14 Apr 2016 11:01:31 GMT" time="0.478" errors="0">
  <testcase name="verifyscore" time="0.041" classname="com.edifecs.breathe.qa.testcases.TestHealthRiskAssessmentSubmit">
    <failure type="java.lang.AssertionError" message="expected [0.0] but found [8.82]">
      <![CDATA[java.lang.AssertionError: expected [0.0] but found [8.82]
	at com.edifecs.breathe.qa.testcases.TestHealthRiskAssessmentSubmit.verifyscore(TestHealthRiskAssessmentSubmit.java:40)
	at com.edifecs.breathe.qa.testcases.RunTests.main(RunTests.java:93)
	at com.intellij.rt.execution.application.AppMain.main(AppMain.java:144)
... Removed 29 stack frames]]>
    </failure>
  </testcase> <!-- verifyscore -->
</testsuite> <!-- TmpTest28 -->
