<?xml version="1.0" encoding="UTF-8"?>
<!-- Generated by org.testng.reporters.JUnitXMLReporter -->
<testsuite hostname="IDCAMVERM01-WS" name="TmpTest" tests="5" failures="0" timestamp="13 Apr 2016 08:40:50 GMT" time="56.031" errors="0">
  <testcase name="verifyQuestionTitle" time="0.001" classname="com.edifecs.breathe.qa.testcases.TestHealthRiskAssessment"/>
  <testcase name="verifyQuestionTitle" time="0.009" classname="com.edifecs.breathe.qa.testcases.TestHealthAssessmentQuestions"/>
  <testcase name="verifyAnswerOptionsCount" time="0.0" classname="com.edifecs.breathe.qa.testcases.TestHealthAssessmentQuestions"/>
  <testcase name="verifyAnswersText" time="0.059" classname="com.edifecs.breathe.qa.testcases.TestHealthAssessmentQuestions"/>
  <testcase name="verifyRadioAnswerSelection" time="0.139" classname="com.edifecs.breathe.qa.testcases.TestHealthAssessmentQuestions"/>
</testsuite> <!-- TmpTest -->
