<?xml version="1.0" encoding="UTF-8"?>
<!-- Generated by org.testng.reporters.JUnitXMLReporter -->
<testsuite hostname="IDCAMVERM01-WS" name="TmpTest" tests="2" failures="0" timestamp="15 Apr 2016 11:34:36 GMT" time="26.042" errors="0">
  <testcase name="verifyQuestionTitle" time="0.0" classname="com.edifecs.breathe.qa.testcases.TestHealthRiskAssessment"/>
  <testcase name="verifybuttonstatus" time="0.122" classname="com.edifecs.breathe.qa.testcases.TestHealthRiskAssessment"/>
</testsuite> <!-- TmpTest -->
